<?xml version="1.0" encoding="UTF-8"?>
<!-- Generated by org.testng.reporters.JUnitXMLReporter -->
<testsuite hostname="Ravi-PC" name="Test-Cust" tests="2" failures="0" timestamp="17 Jul 2019 15:51:08 GMT" time="0.183" errors="0">
  <testcase name="myTest" time="0.052" classname="com.Framework.moven_framework1.Testp"/>
  <testcase name="createcust" time="0.002" classname="com.Framework.moven_framework1.CreateTest"/>
</testsuite> <!-- Test-Cust -->
