<?xml version="1.0" encoding="UTF-8"?>
<!-- Generated by org.testng.reporters.JUnitReportReporter -->
<testsuite hostname="Ravi-PC" name="com.Framework.moven_moduleTest.CreateTest" tests="3" failures="0" timestamp="29 Jul 2019 11:53:47 GMT" time="0.000" errors="0">
  <testcase name="abalidatecustomerTest" time="0.000" classname="com.Framework.moven_moduleTest.CreateTest"/>
  <testcase name="avalidatecustomeraTest" time="0.000" classname="com.Framework.moven_moduleTest.CreateTest"/>
  <testcase name="avalidatecustomerTest" time="0.000" classname="com.Framework.moven_moduleTest.CreateTest"/>
</testsuite> <!-- com.Framework.moven_moduleTest.CreateTest -->
