<?xml version="1.0" encoding="UTF-8"?>
<!-- Generated by org.testng.reporters.JUnitReportReporter -->
<testsuite hostname="Ravi-PC" name="com.Framework.moven_moduleTest.CreateTest" tests="1" failures="0" timestamp="19 Jul 2019 16:23:26 GMT" time="0.031" errors="0">
  <testcase name="createcustomer" time="0.031" classname="com.Framework.moven_moduleTest.CreateTest"/>
</testsuite> <!-- com.Framework.moven_moduleTest.CreateTest -->
