<?xml version="1.0" encoding="UTF-8"?>
<!-- Generated by org.testng.reporters.JUnitReportReporter -->
<testsuite hostname="Ravi-PC" name="com.Framework.moven_moduleTest.CreateTest" tests="1" failures="0" timestamp="18 Jul 2019 06:48:44 GMT" time="0.015" errors="0">
  <testcase name="createcustomerTest" time="0.015" classname="com.Framework.moven_moduleTest.CreateTest"/>
</testsuite> <!-- com.Framework.moven_moduleTest.CreateTest -->
