<?xml version="1.0" encoding="UTF-8"?>
<!-- Generated by org.testng.reporters.JUnitReportReporter -->
<testsuite hostname="Ravi-PC" name="com.Framework.moven_moduleTest.CreateTest" tests="1" failures="0" timestamp="19 Jul 2019 11:42:54 GMT" time="0.022" errors="0">
  <testcase name="createcustomer" time="0.022" classname="com.Framework.moven_moduleTest.CreateTest"/>
</testsuite> <!-- com.Framework.moven_moduleTest.CreateTest -->
