<?xml version="1.0" encoding="UTF-8"?>
<!-- Generated by org.testng.reporters.JUnitReportReporter -->
<testsuite hostname="Ravi-PC" name="com.Framework.moven_moduleTest.NewClassTest" tests="2" failures="0" timestamp="22 Aug 2019 14:58:30 GMT" time="0.004" errors="0">
  <testcase name="firstTest" time="0.002" classname="com.Framework.moven_moduleTest.NewClassTest"/>
  <testcase name="SecondTest" time="0.002" classname="com.Framework.moven_moduleTest.NewClassTest"/>
</testsuite> <!-- com.Framework.moven_moduleTest.NewClassTest -->
