<?xml version="1.0" encoding="UTF-8"?>
<!-- Generated by org.testng.reporters.JUnitReportReporter -->
<testsuite hostname="Ravi-PC" name="com.Framework.moven_moduleTest.MyTest" tests="3" failures="0" timestamp="19 Jul 2019 11:42:20 GMT" time="0.008" errors="0">
  <testcase name="my3Test" time="0.002" classname="com.Framework.moven_moduleTest.MyTest"/>
  <testcase name="my1Test" time="0.003" classname="com.Framework.moven_moduleTest.MyTest"/>
  <testcase name="my2Test" time="0.003" classname="com.Framework.moven_moduleTest.MyTest"/>
</testsuite> <!-- com.Framework.moven_moduleTest.MyTest -->
