<?xml version="1.0" encoding="UTF-8"?>
<!-- Generated by org.testng.reporters.JUnitReportReporter -->
<testsuite hostname="Ravi-PC" name="com.Framework.moven_moduleTest.CreateTest" tests="3" failures="0" timestamp="22 Aug 2019 14:58:30 GMT" time="0.007" errors="0">
  <testcase name="abalidatecustomerTest" time="0.002" classname="com.Framework.moven_moduleTest.CreateTest"/>
  <testcase name="avalidatecustomeraTest" time="0.003" classname="com.Framework.moven_moduleTest.CreateTest"/>
  <testcase name="avalidatecustomerTest" time="0.002" classname="com.Framework.moven_moduleTest.CreateTest"/>
</testsuite> <!-- com.Framework.moven_moduleTest.CreateTest -->
