<?xml version="1.0" encoding="UTF-8"?>
<!-- Generated by org.testng.reporters.JUnitReportReporter -->
<testsuite hostname="Ravi-PC" name="com.Framework.moven_moduleTest.CreateTest1" tests="1" failures="0" timestamp="18 Jul 2019 05:16:07 GMT" time="0.002" errors="0">
  <testcase name="createcustomer" time="0.002" classname="com.Framework.moven_moduleTest.CreateTest1"/>
</testsuite> <!-- com.Framework.moven_moduleTest.CreateTest1 -->
