<?xml version="1.0" encoding="UTF-8"?>
<!-- Generated by org.testng.reporters.JUnitReportReporter -->
<testsuite hostname="Ravi-PC" name="com.Framework.moven_moduleTest.NewClassTest" tests="2" failures="0" timestamp="29 Jul 2019 06:05:36 GMT" time="0.000" errors="0">
  <testcase name="SecondTest" time="0.000" classname="com.Framework.moven_moduleTest.NewClassTest"/>
  <testcase name="firstTest" time="0.000" classname="com.Framework.moven_moduleTest.NewClassTest"/>
</testsuite> <!-- com.Framework.moven_moduleTest.NewClassTest -->
