<?xml version="1.0" encoding="UTF-8"?>
<!-- Generated by org.testng.reporters.JUnitReportReporter -->
<testsuite hostname="Ravi-PC" name="com.Framework.moven_moduleTest.UserNameTest" tests="1" failures="0" timestamp="29 Jul 2019 06:05:36 GMT" time="0.062" errors="0">
  <testcase name="MyNameTest" time="0.062" classname="com.Framework.moven_moduleTest.UserNameTest"/>
</testsuite> <!-- com.Framework.moven_moduleTest.UserNameTest -->
