<?xml version="1.0" encoding="UTF-8"?>
<!-- Generated by org.testng.reporters.JUnitReportReporter -->
<testsuite hostname="Ravi-PC" name="com.Framework.moven_moduleTest.MyTest" tests="1" failures="0" timestamp="18 Jul 2019 05:16:07 GMT" time="0.042" errors="0">
  <testcase name="myTestScript" time="0.042" classname="com.Framework.moven_moduleTest.MyTest"/>
</testsuite> <!-- com.Framework.moven_moduleTest.MyTest -->
