<?xml version="1.0" encoding="UTF-8"?>
<!-- Generated by org.testng.reporters.JUnitReportReporter -->
<testsuite hostname="Ravi-PC" name="com.Framework.moven_moduleTest.UserNameTest" tests="1" failures="0" timestamp="22 Aug 2019 14:58:30 GMT" time="0.073" errors="0">
  <testcase name="MyNameTest" time="0.073" classname="com.Framework.moven_moduleTest.UserNameTest"/>
</testsuite> <!-- com.Framework.moven_moduleTest.UserNameTest -->
