<?xml version="1.0" encoding="UTF-8"?>
<!-- Generated by org.testng.reporters.JUnitReportReporter -->
<testsuite hostname="Ravi-PC" name="com.Framework.moven_moduleTest.CreateTest" tests="2" failures="0" timestamp="29 Jul 2019 04:36:12 GMT" time="0.039" errors="0">
  <testcase name="createcustomerTest" time="0.002" classname="com.Framework.moven_moduleTest.CreateTest"/>
  <testcase name="createcustomer" time="0.037" classname="com.Framework.moven_moduleTest.CreateTest"/>
</testsuite> <!-- com.Framework.moven_moduleTest.CreateTest -->
