<?xml version="1.0" encoding="UTF-8"?>
<!-- Generated by org.testng.reporters.JUnitReportReporter -->
<testsuite hostname="Ravi-PC" name="com.Framework.moven_framework1.CreateTest" tests="1" failures="0" timestamp="17 Jul 2019 17:39:38 GMT" time="0.003" errors="0">
  <testcase name="createcust" time="0.003" classname="com.Framework.moven_framework1.CreateTest"/>
</testsuite> <!-- com.Framework.moven_framework1.CreateTest -->
