<?xml version="1.0" encoding="UTF-8"?>
<!-- Generated by org.testng.reporters.JUnitReportReporter -->
<testsuite hostname="Ravi-PC" name="com.Framework.moven_moduleTest.MyTest" tests="2" failures="0" timestamp="22 Aug 2019 14:58:30 GMT" time="0.005" errors="0">
  <testcase name="my2Test" time="0.002" classname="com.Framework.moven_moduleTest.MyTest"/>
  <testcase name="my1Test" time="0.003" classname="com.Framework.moven_moduleTest.MyTest"/>
</testsuite> <!-- com.Framework.moven_moduleTest.MyTest -->
